<?xml version="1.0" encoding="UTF-8"?>
<testng-results ignored="0" total="1" passed="1" failed="0" skipped="0">
  <reporter-output>
  </reporter-output>
  <suite started-at="2021-11-18T16:14:30Z" name="TravelSuite" finished-at="2021-11-18T16:14:55Z" duration-ms="24557">
    <groups>
    </groups>
    <test started-at="2021-11-18T16:14:30Z" name="Test" finished-at="2021-11-18T16:14:55Z" duration-ms="24557">
      <class name="travel.ValidatingTheBasicFunctionalities">
        <test-method is-config="true" signature="init()[pri:0, instance:travel.ValidatingTheBasicFunctionalities@68567e20]" started-at="2021-11-18T16:14:12Z" name="init" finished-at="2021-11-18T16:14:30Z" duration-ms="18108" status="PASS">
          <reporter-output>
          </reporter-output>
        </test-method> <!-- init -->
        <test-method is-config="true" signature="openApplication()[pri:0, instance:travel.ValidatingTheBasicFunctionalities@68567e20]" started-at="2021-11-18T16:14:30Z" name="openApplication" finished-at="2021-11-18T16:14:37Z" duration-ms="6554" status="PASS">
          <reporter-output>
          </reporter-output>
        </test-method> <!-- openApplication -->
        <test-method is-config="true" signature="clickOnTravelInHeader()[pri:0, instance:travel.ValidatingTheBasicFunctionalities@68567e20]" started-at="2021-11-18T16:14:37Z" name="clickOnTravelInHeader" finished-at="2021-11-18T16:14:37Z" duration-ms="314" status="PASS">
          <reporter-output>
          </reporter-output>
        </test-method> <!-- clickOnTravelInHeader -->
        <test-method signature="checkingFromToOptions()[pri:0, instance:travel.ValidatingTheBasicFunctionalities@68567e20]" started-at="2021-11-18T16:14:37Z" name="checkingFromToOptions" finished-at="2021-11-18T16:14:54Z" duration-ms="16660" status="PASS">
          <reporter-output>
          </reporter-output>
        </test-method> <!-- checkingFromToOptions -->
      </class> <!-- travel.ValidatingTheBasicFunctionalities -->
    </test> <!-- Test -->
  </suite> <!-- TravelSuite -->
</testng-results>
