<?xml version="1.0" encoding="UTF-8"?>
<testng-results ignored="0" total="1" passed="1" failed="0" skipped="0">
  <reporter-output>
  </reporter-output>
  <suite started-at="2021-12-01T14:15:42Z" name="Default suite" finished-at="2021-12-01T14:17:23Z" duration-ms="100683">
    <groups>
    </groups>
    <test started-at="2021-12-01T14:15:42Z" name="Default test" finished-at="2021-12-01T14:17:23Z" duration-ms="100683">
      <class name="fashion.Backpacks">
        <test-method is-config="true" signature="init()[pri:0, instance:fashion.Backpacks@68567e20]" started-at="2021-12-01T14:15:32Z" name="init" finished-at="2021-12-01T14:15:42Z" duration-ms="10350" status="PASS">
          <reporter-output>
          </reporter-output>
        </test-method> <!-- init -->
        <test-method is-config="true" signature="openApplication()[pri:0, instance:fashion.Backpacks@68567e20]" started-at="2021-12-01T14:15:42Z" name="openApplication" finished-at="2021-12-01T14:15:54Z" duration-ms="11156" status="PASS">
          <reporter-output>
          </reporter-output>
        </test-method> <!-- openApplication -->
        <test-method is-config="true" signature="enteringBackpackNameInSearch()[pri:0, instance:fashion.Backpacks@68567e20]" started-at="2021-12-01T14:15:54Z" name="enteringBackpackNameInSearch" finished-at="2021-12-01T14:15:54Z" duration-ms="778" status="PASS">
          <reporter-output>
          </reporter-output>
        </test-method> <!-- enteringBackpackNameInSearch -->
        <test-method signature="verifingTheResultsWithFiltersOnPrice()[pri:0, instance:fashion.Backpacks@68567e20]" started-at="2021-12-01T14:15:54Z" name="verifingTheResultsWithFiltersOnPrice" finished-at="2021-12-01T14:17:23Z" duration-ms="88116" status="PASS">
          <reporter-output>
          </reporter-output>
        </test-method> <!-- verifingTheResultsWithFiltersOnPrice -->
      </class> <!-- fashion.Backpacks -->
    </test> <!-- Default test -->
  </suite> <!-- Default suite -->
</testng-results>
